<?xml version="1.0" encoding="UTF-8"?>
<testsuite errors="0" failures="1" name="Create shipping label." skipped="32" tests="33" time="0.182687">
<testcase classname="Create shipping label." name="verify default options for Media Mail" time="0.030051">
  <failure message="failed verify default options for Media Mail" type="failed">
    <![CDATA[Scenario: verify default options for Media Mail

Given Login as horizon_engra3@pb.com
And I navigate to Create Label page and select My Boxes packages
And on the create label page I verify default senders address
And on the create label page I enter Valid Recipient Address
And on the create label page I click on Recipient's Accept and Verify button
Then on the create label page I see that address was verified
And on create label page I select Small Package as package type
And on create label page I enter weight as 5 lbs and 5 oz
And on create label page I click on Accept button
And on the create label page I select Media Mail as shipping service
Then on the create label page I verify that free tracking message is displayed.
And on the create label page I verify that Signature Confirmation option is enabled
And on the create label page I verify that Signature Restricted Delivery option is enabled
And on the create label page I verify that Insurance option is enabled
And on the create label page I verify that Insurance Restricted Delivery option is enabled
And on the create label page I verify that Return Receipt option is disabled
And on the create label page I verify that Return Receipt Electronic option is disabled
And on the create label page I verify that Fragile option is enabled
And on the create label page I verify that Return Receipt for Merchandise option is enabled
And on the create label page I verify that Collect On Delivery option is enabled
And on the create label page I verify that COD Restricted Delivery option is enabled
And on the create label page I verify that total shipping price is 5.22 dollars

Message:
]]>
    <![CDATA[Unable to locate element: {"method":"id","selector":"username"} (Selenium::WebDriver::Error::NoSuchElementError)
[remote server] file:///var/folders/f6/pbn__5hs3957gbdzr0tb2jqc00007q/T/webdriver-profile20151020-44651-148gwo2/extensions/fxdriver@googlecode.com/components/driver-component.js:10667:in `FirefoxDriver.prototype.findElementInternal_'
[remote server] file:///var/folders/f6/pbn__5hs3957gbdzr0tb2jqc00007q/T/webdriver-profile20151020-44651-148gwo2/extensions/fxdriver@googlecode.com/components/driver-component.js:623:in `fxdriver.Timer.prototype.setTimeout/<.notify'
./features/pages/sign_in_page.rb:34:in `enter_email_address'
./features/step_definitions/sign_in_page_steps.rb:26:in `/^I enter my user ID as "(.*?)"$/'
./features/step_definitions/sign_in_page_steps.rb:11:in `/^Login as (.*)$/'
features/test/shippingUIAutomation/create_label/createlabel_media_mail_shipping_services.feature:6:in `Given Login as horizon_engra3@pb.com']]>
  </failure>
  <system-out/>
  <system-err/>
</testcase>
<testcase classname="Create shipping label." name="verify shipping options for Media Mail when Signature Confirmation is selected" time="0.004782">
  <skipped/>
  <system-out/>
  <system-err/>
</testcase>
<testcase classname="Create shipping label." name="verify shipping options for Media Mail when Signature Confirmation and COD is selected" time="0.005421">
  <skipped/>
  <system-out/>
  <system-err/>
</testcase>
<testcase classname="Create shipping label." name="Verify rates for Media Mail when Signature Confirmation and COD is selected" time="0.003332">
  <skipped/>
  <system-out/>
  <system-err/>
</testcase>
<testcase classname="Create shipping label." name="verify shipping options for Media Mail when Signature Confirmation and COD Restricted Delivery is selected" time="0.029771">
  <skipped/>
  <system-out/>
  <system-err/>
</testcase>
<testcase classname="Create shipping label." name="Verify rates for Media Mail when Signature Confirmation and COD Restricted Delivery is selected" time="0.003095">
  <skipped/>
  <system-out/>
  <system-err/>
</testcase>
<testcase classname="Create shipping label." name="verify shipping options for Media Mail when only Insurance is selected (outline example : | 50 | disabled |)" time="0.000432">
  <skipped/>
  <system-out/>
  <system-err/>
</testcase>
<testcase classname="Create shipping label." name="verify shipping options for Media Mail when only Insurance is selected (outline example : | 505 | enabled |)" time="0.000402">
  <skipped/>
  <system-out/>
  <system-err/>
</testcase>
<testcase classname="Create shipping label." name="Verify rates for Media Mail when Insurance is selected" time="0.003447">
  <skipped/>
  <system-out/>
  <system-err/>
</testcase>
<testcase classname="Create shipping label." name="Verify rates for Media Mail when Insurance, Fragile and Return Receipt is selected" time="0.003558">
  <skipped/>
  <system-out/>
  <system-err/>
</testcase>
<testcase classname="Create shipping label." name="verify shipping options for Media Mail when only Insurance Restricted Delivery is selected (outline example : | 505 |)" time="0.000378">
  <skipped/>
  <system-out/>
  <system-err/>
</testcase>
<testcase classname="Create shipping label." name="verify shipping options for Media Mail when only Insurance Restricted Delivery is selected (outline example : | 4999 |)" time="0.000296">
  <skipped/>
  <system-out/>
  <system-err/>
</testcase>
<testcase classname="Create shipping label." name="Verify error messages for Insurance Restricted Delivery (outline example : | 50 |)" time="0.000247">
  <skipped/>
  <system-out/>
  <system-err/>
</testcase>
<testcase classname="Create shipping label." name="Verify error messages for Insurance Restricted Delivery (outline example : | 5050 |)" time="0.000287">
  <skipped/>
  <system-out/>
  <system-err/>
</testcase>
<testcase classname="Create shipping label." name="Verify error messages for Insurance Restricted Delivery (outline example : | -9 |)" time="0.000281">
  <skipped/>
  <system-out/>
  <system-err/>
</testcase>
<testcase classname="Create shipping label." name="Verify error messages for Insurance Restricted Delivery (outline example : | k |)" time="0.000299">
  <skipped/>
  <system-out/>
  <system-err/>
</testcase>
<testcase classname="Create shipping label." name="Verify rates for Media Mail when Insurance Restricted Delivery, Fragile and Return Receipt is selected" time="0.003583">
  <skipped/>
  <system-out/>
  <system-err/>
</testcase>
<testcase classname="Create shipping label." name="verify shipping options for Media Mail when only Return Receipt for Merchandise is selected" time="0.004412">
  <skipped/>
  <system-out/>
  <system-err/>
</testcase>
<testcase classname="Create shipping label." name="verify shipping options for Media Mail when only Collect On Delivery is selected" time="0.004770">
  <skipped/>
  <system-out/>
  <system-err/>
</testcase>
<testcase classname="Create shipping label." name="Verify rates for Media Mail when Collect On Delivery, Fragile and Return Receipt is selected" time="0.030498">
  <skipped/>
  <system-out/>
  <system-err/>
</testcase>
<testcase classname="Create shipping label." name="verify shipping options for Media Mail when only Collect On Delivery Restricted Delivery is selected" time="0.005246">
  <skipped/>
  <system-out/>
  <system-err/>
</testcase>
<testcase classname="Create shipping label." name="Verify error messages for COD Restricted Delivery (outline example : | 0 |)" time="0.000302">
  <skipped/>
  <system-out/>
  <system-err/>
</testcase>
<testcase classname="Create shipping label." name="Verify error messages for COD Restricted Delivery (outline example : | -9 |)" time="0.000237">
  <skipped/>
  <system-out/>
  <system-err/>
</testcase>
<testcase classname="Create shipping label." name="Verify error messages for COD Restricted Delivery (outline example : | k |)" time="0.000239">
  <skipped/>
  <system-out/>
  <system-err/>
</testcase>
<testcase classname="Create shipping label." name="Verify rates for Media Mail when COD Restricted Delivery, Fragile and Return Receipt is selected" time="0.004423">
  <skipped/>
  <system-out/>
  <system-err/>
</testcase>
<testcase classname="Create shipping label." name="verify COD rates for Media Mail (outline example : | 50 | 7.25 | 12.47 |)" time="0.001019">
  <skipped/>
  <system-out/>
  <system-err/>
</testcase>
<testcase classname="Create shipping label." name="verify COD rates for Media Mail (outline example : | 100 | 9.05 | 14.27 |)" time="0.000970">
  <skipped/>
  <system-out/>
  <system-err/>
</testcase>
<testcase classname="Create shipping label." name="verify COD rates for Media Mail (outline example : | 200 | 10.85 | 16.07 |)" time="0.000972">
  <skipped/>
  <system-out/>
  <system-err/>
</testcase>
<testcase classname="Create shipping label." name="change COD rates for Media Mail" time="0.032809">
  <skipped/>
  <system-out/>
  <system-err/>
</testcase>
<testcase classname="Create shipping label." name="verify Insurance shipping option rates for  Media Mail (outline example : | 20 | 2.20 | 7.42 |)" time="0.001055">
  <skipped/>
  <system-out/>
  <system-err/>
</testcase>
<testcase classname="Create shipping label." name="verify Insurance shipping option rates for  Media Mail (outline example : | 200 | 3.50 | 8.72 |)" time="0.000909">
  <skipped/>
  <system-out/>
  <system-err/>
</testcase>
<testcase classname="Create shipping label." name="verify Insurance shipping option rates for  Media Mail (outline example : | 505 | 9.45 | 14.67 |)" time="0.000909">
  <skipped/>
  <system-out/>
  <system-err/>
</testcase>
<testcase classname="Create shipping label." name="change Insurance shipping option rates for  Media Mail" time="0.004255">
  <skipped/>
  <system-out/>
  <system-err/>
</testcase>
  <system-out>
    <![CDATA[]]>
  </system-out>
  <system-err>
    <![CDATA[]]>
  </system-err>
</testsuite>
