<?xml version="1.0" encoding="UTF-8"?>
<testsuite errors="0" failures="1" name="Select package type." skipped="5" tests="6" time="0.003130">
<testcase classname="Select package type." name="Verify package rates for PMI Envelopes (outline example : | Regular Flat Rate Envelope | 20.85 |)" time="0.000433">
  <failure message="failed Verify package rates for PMI Envelopes (outline example : | Regular Flat Rate Envelope | 20.85 |)" type="failed">
    <![CDATA[Scenario Outline: Verify package rates for PMI Envelopes

Example row: | Regular Flat Rate Envelope | 20.85 |

Message:
]]>
    <![CDATA[Unable to locate element: {"method":"id","selector":"username"} (Selenium::WebDriver::Error::NoSuchElementError)
[remote server] file:///var/folders/f6/pbn__5hs3957gbdzr0tb2jqc00007q/T/webdriver-profile20151020-44651-148gwo2/extensions/fxdriver@googlecode.com/components/driver-component.js:10667:in `FirefoxDriver.prototype.findElementInternal_'
[remote server] file:///var/folders/f6/pbn__5hs3957gbdzr0tb2jqc00007q/T/webdriver-profile20151020-44651-148gwo2/extensions/fxdriver@googlecode.com/components/driver-component.js:623:in `fxdriver.Timer.prototype.setTimeout/<.notify'
./features/pages/sign_in_page.rb:34:in `enter_email_address'
./features/step_definitions/sign_in_page_steps.rb:26:in `/^I enter my user ID as "(.*?)"$/'
./features/step_definitions/sign_in_page_steps.rb:11:in `/^Login as (.*)$/'
features/test/shippingUIAutomation/create_label/international_packages/create_label_international_rates_for_pmi_envelopes.feature:6:in `Given Login as horizon_engra3@pb.com']]>
  </failure>
  <system-out/>
  <system-err/>
</testcase>
<testcase classname="Select package type." name="Verify package rates for PMI Envelopes (outline example : | Legal Flat Rate Envelope | 20.85 |)" time="0.000411">
  <skipped/>
  <system-out/>
  <system-err/>
</testcase>
<testcase classname="Select package type." name="Verify package rates for PMI Envelopes (outline example : | Padded Flat Rate Envelope | 20.85 |)" time="0.000393">
  <skipped/>
  <system-out/>
  <system-err/>
</testcase>
<testcase classname="Select package type." name="Verify package rates for Priority Mail Express International Envelopes (outline example : | Regular Express Flat Rate Envelope | 35.5 |)" time="0.001018">
  <skipped/>
  <system-out/>
  <system-err/>
</testcase>
<testcase classname="Select package type." name="Verify package rates for Priority Mail Express International Envelopes (outline example : | Legal Express Flat Rate Envelope | 35.5 |)" time="0.000477">
  <skipped/>
  <system-out/>
  <system-err/>
</testcase>
<testcase classname="Select package type." name="Verify package rates for Priority Mail Express International Envelopes (outline example : | Padded Express Flat Rate Envelope | 35.5 |)" time="0.000398">
  <skipped/>
  <system-out/>
  <system-err/>
</testcase>
  <system-out>
    <![CDATA[]]>
  </system-out>
  <system-err>
    <![CDATA[]]>
  </system-err>
</testsuite>
