<?xml version="1.0" encoding="UTF-8"?>
<testsuite errors="0" failures="1" name="Create Label Sender Address Validation" skipped="0" tests="1" time="0.001163">
<testcase classname="Create Label Sender Address Validation" name="Sender Address to be pre populated with default address (outline example : | THE HARTFORD |  | 200 Hopmeadow St Weatogue CT 06089-9793 |)" time="0.001163">
  <failure message="failed Sender Address to be pre populated with default address (outline example : | THE HARTFORD |  | 200 Hopmeadow St Weatogue CT 06089-9793 |)" type="failed">
    <![CDATA[Scenario Outline: Sender Address to be pre populated with default address

Example row: | THE HARTFORD |  | 200 Hopmeadow St Weatogue CT 06089-9793 |

Message:
]]>
    <![CDATA[Unable to locate element: {"method":"id","selector":"username"} (Selenium::WebDriver::Error::NoSuchElementError)
[remote server] file:///var/folders/f6/pbn__5hs3957gbdzr0tb2jqc00007q/T/webdriver-profile20151020-44651-148gwo2/extensions/fxdriver@googlecode.com/components/driver-component.js:10667:in `FirefoxDriver.prototype.findElementInternal_'
[remote server] file:///var/folders/f6/pbn__5hs3957gbdzr0tb2jqc00007q/T/webdriver-profile20151020-44651-148gwo2/extensions/fxdriver@googlecode.com/components/driver-component.js:623:in `fxdriver.Timer.prototype.setTimeout/<.notify'
./features/pages/sign_in_page.rb:34:in `enter_email_address'
./features/step_definitions/sign_in_page_steps.rb:26:in `/^I enter my user ID as "(.*?)"$/'
./features/step_definitions/sign_in_page_steps.rb:11:in `/^Login as (.*)$/'
features/test/shippingUIAutomation/create_label/createlabel_sender_address_validation_when_deleted_from_addressbook.feature:6:in `Given Login as horizon_engra3@pb.com']]>
  </failure>
  <system-out/>
  <system-err/>
</testcase>
  <system-out>
    <![CDATA[]]>
  </system-out>
  <system-err>
    <![CDATA[]]>
  </system-err>
</testsuite>
