<?xml version="1.0" encoding="UTF-8"?>
<testsuite errors="0" failures="1" name="Add new address to sender from create label page." skipped="0" tests="1" time="0.005675">
<testcase classname="Add new address to sender from create label page." name="Add new address to sender (outline example : | Robert Downey | Pitney Bowes | 37 Executive Dr | 21C | Danbury | 06810 | Horizon_user1@pb.com | CT |)" time="0.005675">
  <failure message="failed Add new address to sender (outline example : | Robert Downey | Pitney Bowes | 37 Executive Dr | 21C | Danbury | 06810 | Horizon_user1@pb.com | CT |)" type="failed">
    <![CDATA[Scenario Outline: Add new address to sender

Example row: | Robert Downey | Pitney Bowes | 37 Executive Dr | 21C | Danbury | 06810 | Horizon_user1@pb.com | CT |

Message:
]]>
    <![CDATA[Unable to locate element: {"method":"id","selector":"username"} (Selenium::WebDriver::Error::NoSuchElementError)
[remote server] file:///var/folders/f6/pbn__5hs3957gbdzr0tb2jqc00007q/T/webdriver-profile20151020-44651-148gwo2/extensions/fxdriver@googlecode.com/components/driver-component.js:10667:in `FirefoxDriver.prototype.findElementInternal_'
[remote server] file:///var/folders/f6/pbn__5hs3957gbdzr0tb2jqc00007q/T/webdriver-profile20151020-44651-148gwo2/extensions/fxdriver@googlecode.com/components/driver-component.js:623:in `fxdriver.Timer.prototype.setTimeout/<.notify'
./features/pages/sign_in_page.rb:34:in `enter_email_address'
./features/step_definitions/sign_in_page_steps.rb:26:in `/^I enter my user ID as "(.*?)"$/'
./features/step_definitions/sign_in_page_steps.rb:11:in `/^Login as (.*)$/'
features/test/shippingUIAutomation/create_label/createlabel_sender_add_new_address.feature:7:in `Given Login as horizon_engra3@pb.com']]>
  </failure>
  <system-out/>
  <system-err/>
</testcase>
  <system-out>
    <![CDATA[]]>
  </system-out>
  <system-err>
    <![CDATA[]]>
  </system-err>
</testsuite>
