<?xml version="1.0" encoding="UTF-8"?>
<testsuite errors="0" failures="1" name="Get detailed info for tracking package" skipped="3" tests="4" time="0.006246">
<testcase classname="Get detailed info for tracking package" name="Enter tacking number to view tracking details (outline example : | VJ312295067US |)" time="0.001896">
  <failure message="failed Enter tacking number to view tracking details (outline example : | VJ312295067US |)" type="failed">
    <![CDATA[Scenario Outline: Enter tacking number to view tracking details

Example row: | VJ312295067US |

Message:
]]>
    <![CDATA[Unable to locate element: {"method":"id","selector":"username"} (Selenium::WebDriver::Error::NoSuchElementError)
[remote server] file:///var/folders/f6/pbn__5hs3957gbdzr0tb2jqc00007q/T/webdriver-profile20151020-44651-148gwo2/extensions/fxdriver@googlecode.com/components/driver-component.js:10667:in `FirefoxDriver.prototype.findElementInternal_'
[remote server] file:///var/folders/f6/pbn__5hs3957gbdzr0tb2jqc00007q/T/webdriver-profile20151020-44651-148gwo2/extensions/fxdriver@googlecode.com/components/driver-component.js:623:in `fxdriver.Timer.prototype.setTimeout/<.notify'
./features/pages/sign_in_page.rb:34:in `enter_email_address'
./features/step_definitions/sign_in_page_steps.rb:26:in `/^I enter my user ID as "(.*?)"$/'
./features/step_definitions/sign_in_page_steps.rb:11:in `/^Login as (.*)$/'
features/test/shippingUIAutomation/track_package.feature:6:in `Given Login as horizon_engra3@pb.com']]>
  </failure>
  <system-out/>
  <system-err/>
</testcase>
<testcase classname="Get detailed info for tracking package" name="Enter tacking number to view tracking details (outline example : | VJ299823031US |)" time="0.001339">
  <skipped/>
  <system-out/>
  <system-err/>
</testcase>
<testcase classname="Get detailed info for tracking package" name="Enter tacking number to view tracking details (outline example : | VJ278152154US |)" time="0.001356">
  <skipped/>
  <system-out/>
  <system-err/>
</testcase>
<testcase classname="Get detailed info for tracking package" name="Error message for wrong tracking number" time="0.001655">
  <skipped/>
  <system-out/>
  <system-err/>
</testcase>
  <system-out>
    <![CDATA[]]>
  </system-out>
  <system-err>
    <![CDATA[]]>
  </system-err>
</testsuite>
