<?xml version="1.0" encoding="UTF-8"?>
<testsuite errors="0" failures="1" name="Search Addresses." skipped="13" tests="14" time="0.013788">
<testcase classname="Search Addresses." name="Import Addresses to search. Background Action (outline example : | import_addressbook_for_search.csv |)" time="0.000811">
  <failure message="failed Import Addresses to search. Background Action (outline example : | import_addressbook_for_search.csv |)" type="failed">
    <![CDATA[Scenario Outline: Import Addresses to search. Background Action

Example row: | import_addressbook_for_search.csv |

Message:
]]>
    <![CDATA[Unable to locate element: {"method":"id","selector":"username"} (Selenium::WebDriver::Error::NoSuchElementError)
[remote server] file:///var/folders/f6/pbn__5hs3957gbdzr0tb2jqc00007q/T/webdriver-profile20151020-44651-148gwo2/extensions/fxdriver@googlecode.com/components/driver-component.js:10667:in `FirefoxDriver.prototype.findElementInternal_'
[remote server] file:///var/folders/f6/pbn__5hs3957gbdzr0tb2jqc00007q/T/webdriver-profile20151020-44651-148gwo2/extensions/fxdriver@googlecode.com/components/driver-component.js:623:in `fxdriver.Timer.prototype.setTimeout/<.notify'
./features/pages/sign_in_page.rb:34:in `enter_email_address'
./features/step_definitions/sign_in_page_steps.rb:26:in `/^I enter my user ID as "(.*?)"$/'
./features/step_definitions/sign_in_page_steps.rb:11:in `/^Login as (.*)$/'
features/test/shippingUIAutomation/addressbook/addressBookPage_search.feature:6:in `Given Login as horizon_engra3@pb.com']]>
  </failure>
  <system-out/>
  <system-err/>
</testcase>
<testcase classname="Search Addresses." name="Search feature (outline example : | Full Name | Testovich |)" time="0.001937">
  <skipped/>
  <system-out/>
  <system-err/>
</testcase>
<testcase classname="Search Addresses." name="Search feature (outline example : | Full Name | Taras |)" time="0.000820">
  <skipped/>
  <system-out/>
  <system-err/>
</testcase>
<testcase classname="Search Addresses." name="Search feature (outline example : | Company | Pitney |)" time="0.001071">
  <skipped/>
  <system-out/>
  <system-err/>
</testcase>
<testcase classname="Search Addresses." name="Search feature (outline example : | Company | Cogniance |)" time="0.000723">
  <skipped/>
  <system-out/>
  <system-err/>
</testcase>
<testcase classname="Search Addresses." name="Search feature (outline example : | Street | Park Ave |)" time="0.001086">
  <skipped/>
  <system-out/>
  <system-err/>
</testcase>
<testcase classname="Search Addresses." name="Search feature (outline example : | Street | Executive |)" time="0.000720">
  <skipped/>
  <system-out/>
  <system-err/>
</testcase>
<testcase classname="Search Addresses." name="Search feature (outline example : | City | Danbury |)" time="0.001085">
  <skipped/>
  <system-out/>
  <system-err/>
</testcase>
<testcase classname="Search Addresses." name="Search feature (outline example : | City | New York |)" time="0.000729">
  <skipped/>
  <system-out/>
  <system-err/>
</testcase>
<testcase classname="Search Addresses." name="Search feature (outline example : | State | NY |)" time="0.001079">
  <skipped/>
  <system-out/>
  <system-err/>
</testcase>
<testcase classname="Search Addresses." name="Search feature (outline example : | State | CT |)" time="0.000785">
  <skipped/>
  <system-out/>
  <system-err/>
</testcase>
<testcase classname="Search Addresses." name="Search feature (outline example : | Zip | 06810 |)" time="0.001110">
  <skipped/>
  <system-out/>
  <system-err/>
</testcase>
<testcase classname="Search Addresses." name="Search feature (outline example : | Zip | 10018 |)" time="0.000732">
  <skipped/>
  <system-out/>
  <system-err/>
</testcase>
<testcase classname="Search Addresses." name="Search feature (outline example : | Country | US |)" time="0.001100">
  <skipped/>
  <system-out/>
  <system-err/>
</testcase>
  <system-out>
    <![CDATA[]]>
  </system-out>
  <system-err>
    <![CDATA[]]>
  </system-err>
</testsuite>
